Started GET "/" for 127.0.0.1 at 2017-03-09 08:10:07 +0100
Processing by Rails::WelcomeController#index as HTML
  Parameters: {"internal"=>true}
  Rendering /users/lpro/casir/carlor/.gem/gems/railties-5.0.2/lib/rails/templates/rails/welcome/index.html.erb
  Rendered /users/lpro/casir/carlor/.gem/gems/railties-5.0.2/lib/rails/templates/rails/welcome/index.html.erb (7.0ms)
Completed 200 OK in 52ms (Views: 13.2ms | ActiveRecord: 0.0ms)


Started GET "/" for 127.0.0.1 at 2017-03-09 08:11:52 +0100
Processing by Rails::WelcomeController#index as HTML
  Parameters: {"internal"=>true}
  Rendering /users/lpro/casir/carlor/.gem/gems/railties-5.0.2/lib/rails/templates/rails/welcome/index.html.erb
  Rendered /users/lpro/casir/carlor/.gem/gems/railties-5.0.2/lib/rails/templates/rails/welcome/index.html.erb (1.6ms)
Completed 200 OK in 6ms (Views: 2.3ms | ActiveRecord: 0.0ms)


Started GET "/" for 127.0.0.1 at 2017-03-09 08:11:52 +0100
Processing by Rails::WelcomeController#index as HTML
  Parameters: {"internal"=>true}
  Rendering /users/lpro/casir/carlor/.gem/gems/railties-5.0.2/lib/rails/templates/rails/welcome/index.html.erb
  Rendered /users/lpro/casir/carlor/.gem/gems/railties-5.0.2/lib/rails/templates/rails/welcome/index.html.erb (1.6ms)
Completed 200 OK in 3ms (Views: 2.2ms | ActiveRecord: 0.0ms)


Started GET "/" for 127.0.0.1 at 2017-03-09 08:11:53 +0100
Processing by Rails::WelcomeController#index as HTML
  Parameters: {"internal"=>true}
  Rendering /users/lpro/casir/carlor/.gem/gems/railties-5.0.2/lib/rails/templates/rails/welcome/index.html.erb
  Rendered /users/lpro/casir/carlor/.gem/gems/railties-5.0.2/lib/rails/templates/rails/welcome/index.html.erb (1.7ms)
Completed 200 OK in 3ms (Views: 2.3ms | ActiveRecord: 0.0ms)


Started GET "/" for 127.0.0.1 at 2017-03-09 08:11:53 +0100
Processing by Rails::WelcomeController#index as HTML
  Parameters: {"internal"=>true}
  Rendering /users/lpro/casir/carlor/.gem/gems/railties-5.0.2/lib/rails/templates/rails/welcome/index.html.erb
  Rendered /users/lpro/casir/carlor/.gem/gems/railties-5.0.2/lib/rails/templates/rails/welcome/index.html.erb (1.7ms)
Completed 200 OK in 3ms (Views: 2.3ms | ActiveRecord: 0.0ms)


Started GET "/" for 127.0.0.1 at 2017-03-09 08:11:53 +0100
Processing by Rails::WelcomeController#index as HTML
  Parameters: {"internal"=>true}
  Rendering /users/lpro/casir/carlor/.gem/gems/railties-5.0.2/lib/rails/templates/rails/welcome/index.html.erb
  Rendered /users/lpro/casir/carlor/.gem/gems/railties-5.0.2/lib/rails/templates/rails/welcome/index.html.erb (1.7ms)
Completed 200 OK in 3ms (Views: 2.4ms | ActiveRecord: 0.0ms)


Started GET "/" for 127.0.0.1 at 2017-03-09 08:11:53 +0100
Processing by Rails::WelcomeController#index as HTML
  Parameters: {"internal"=>true}
  Rendering /users/lpro/casir/carlor/.gem/gems/railties-5.0.2/lib/rails/templates/rails/welcome/index.html.erb
  Rendered /users/lpro/casir/carlor/.gem/gems/railties-5.0.2/lib/rails/templates/rails/welcome/index.html.erb (1.8ms)
Completed 200 OK in 3ms (Views: 2.4ms | ActiveRecord: 0.0ms)


Started GET "/" for 127.0.0.1 at 2017-03-09 08:11:54 +0100
Processing by Rails::WelcomeController#index as HTML
  Parameters: {"internal"=>true}
  Rendering /users/lpro/casir/carlor/.gem/gems/railties-5.0.2/lib/rails/templates/rails/welcome/index.html.erb
  Rendered /users/lpro/casir/carlor/.gem/gems/railties-5.0.2/lib/rails/templates/rails/welcome/index.html.erb (1.7ms)
Completed 200 OK in 3ms (Views: 2.3ms | ActiveRecord: 0.0ms)


Started GET "/" for 127.0.0.1 at 2017-03-09 08:11:54 +0100
Processing by Rails::WelcomeController#index as HTML
  Parameters: {"internal"=>true}
  Rendering /users/lpro/casir/carlor/.gem/gems/railties-5.0.2/lib/rails/templates/rails/welcome/index.html.erb
  Rendered /users/lpro/casir/carlor/.gem/gems/railties-5.0.2/lib/rails/templates/rails/welcome/index.html.erb (1.6ms)
Completed 200 OK in 3ms (Views: 2.3ms | ActiveRecord: 0.0ms)


Started GET "/" for 127.0.0.1 at 2017-03-09 08:11:54 +0100
Processing by Rails::WelcomeController#index as HTML
  Parameters: {"internal"=>true}
  Rendering /users/lpro/casir/carlor/.gem/gems/railties-5.0.2/lib/rails/templates/rails/welcome/index.html.erb
  Rendered /users/lpro/casir/carlor/.gem/gems/railties-5.0.2/lib/rails/templates/rails/welcome/index.html.erb (1.7ms)
Completed 200 OK in 3ms (Views: 2.3ms | ActiveRecord: 0.0ms)


Started GET "/" for 127.0.0.1 at 2017-03-09 08:11:55 +0100
Processing by Rails::WelcomeController#index as HTML
  Parameters: {"internal"=>true}
  Rendering /users/lpro/casir/carlor/.gem/gems/railties-5.0.2/lib/rails/templates/rails/welcome/index.html.erb
  Rendered /users/lpro/casir/carlor/.gem/gems/railties-5.0.2/lib/rails/templates/rails/welcome/index.html.erb (1.7ms)
Completed 200 OK in 3ms (Views: 2.3ms | ActiveRecord: 0.0ms)


Started GET "/" for 127.0.0.1 at 2017-03-09 08:11:55 +0100
Processing by Rails::WelcomeController#index as HTML
  Parameters: {"internal"=>true}
  Rendering /users/lpro/casir/carlor/.gem/gems/railties-5.0.2/lib/rails/templates/rails/welcome/index.html.erb
  Rendered /users/lpro/casir/carlor/.gem/gems/railties-5.0.2/lib/rails/templates/rails/welcome/index.html.erb (1.8ms)
Completed 200 OK in 3ms (Views: 2.5ms | ActiveRecord: 0.0ms)


Started GET "/" for 127.0.0.1 at 2017-03-09 08:11:55 +0100
Processing by Rails::WelcomeController#index as HTML
  Parameters: {"internal"=>true}
  Rendering /users/lpro/casir/carlor/.gem/gems/railties-5.0.2/lib/rails/templates/rails/welcome/index.html.erb
  Rendered /users/lpro/casir/carlor/.gem/gems/railties-5.0.2/lib/rails/templates/rails/welcome/index.html.erb (8.5ms)
Completed 200 OK in 10ms (Views: 9.2ms | ActiveRecord: 0.0ms)


Started GET "/" for 127.0.0.1 at 2017-03-09 08:11:55 +0100
Processing by Rails::WelcomeController#index as HTML
  Parameters: {"internal"=>true}
  Rendering /users/lpro/casir/carlor/.gem/gems/railties-5.0.2/lib/rails/templates/rails/welcome/index.html.erb
  Rendered /users/lpro/casir/carlor/.gem/gems/railties-5.0.2/lib/rails/templates/rails/welcome/index.html.erb (1.7ms)
Completed 200 OK in 3ms (Views: 2.4ms | ActiveRecord: 0.0ms)


Started GET "/" for 127.0.0.1 at 2017-03-09 08:11:55 +0100
Processing by Rails::WelcomeController#index as HTML
  Parameters: {"internal"=>true}
  Rendering /users/lpro/casir/carlor/.gem/gems/railties-5.0.2/lib/rails/templates/rails/welcome/index.html.erb
  Rendered /users/lpro/casir/carlor/.gem/gems/railties-5.0.2/lib/rails/templates/rails/welcome/index.html.erb (5.6ms)
Completed 200 OK in 7ms (Views: 6.2ms | ActiveRecord: 0.0ms)


Started GET "/" for 127.0.0.1 at 2017-03-09 08:11:55 +0100
Processing by Rails::WelcomeController#index as HTML
  Parameters: {"internal"=>true}
  Rendering /users/lpro/casir/carlor/.gem/gems/railties-5.0.2/lib/rails/templates/rails/welcome/index.html.erb
  Rendered /users/lpro/casir/carlor/.gem/gems/railties-5.0.2/lib/rails/templates/rails/welcome/index.html.erb (1.8ms)
Completed 200 OK in 3ms (Views: 2.5ms | ActiveRecord: 0.0ms)


Started GET "/" for 127.0.0.1 at 2017-03-09 08:11:55 +0100
Processing by Rails::WelcomeController#index as HTML
  Parameters: {"internal"=>true}
  Rendering /users/lpro/casir/carlor/.gem/gems/railties-5.0.2/lib/rails/templates/rails/welcome/index.html.erb
  Rendered /users/lpro/casir/carlor/.gem/gems/railties-5.0.2/lib/rails/templates/rails/welcome/index.html.erb (1.8ms)
Completed 200 OK in 3ms (Views: 2.5ms | ActiveRecord: 0.0ms)


Started GET "/" for 127.0.0.1 at 2017-03-09 08:11:55 +0100
Processing by Rails::WelcomeController#index as HTML
  Parameters: {"internal"=>true}
  Rendering /users/lpro/casir/carlor/.gem/gems/railties-5.0.2/lib/rails/templates/rails/welcome/index.html.erb
  Rendered /users/lpro/casir/carlor/.gem/gems/railties-5.0.2/lib/rails/templates/rails/welcome/index.html.erb (1.8ms)
Completed 200 OK in 3ms (Views: 2.6ms | ActiveRecord: 0.0ms)


Started GET "/" for 127.0.0.1 at 2017-03-09 08:11:55 +0100
Processing by Rails::WelcomeController#index as HTML
  Parameters: {"internal"=>true}
  Rendering /users/lpro/casir/carlor/.gem/gems/railties-5.0.2/lib/rails/templates/rails/welcome/index.html.erb
  Rendered /users/lpro/casir/carlor/.gem/gems/railties-5.0.2/lib/rails/templates/rails/welcome/index.html.erb (1.8ms)
Completed 200 OK in 3ms (Views: 2.7ms | ActiveRecord: 0.0ms)


Started GET "/" for 127.0.0.1 at 2017-03-09 08:11:55 +0100
Processing by Rails::WelcomeController#index as HTML
  Parameters: {"internal"=>true}
  Rendering /users/lpro/casir/carlor/.gem/gems/railties-5.0.2/lib/rails/templates/rails/welcome/index.html.erb
  Rendered /users/lpro/casir/carlor/.gem/gems/railties-5.0.2/lib/rails/templates/rails/welcome/index.html.erb (1.8ms)
Completed 200 OK in 3ms (Views: 2.6ms | ActiveRecord: 0.0ms)


Started GET "/" for 127.0.0.1 at 2017-03-09 08:11:55 +0100
Processing by Rails::WelcomeController#index as HTML
  Parameters: {"internal"=>true}
  Rendering /users/lpro/casir/carlor/.gem/gems/railties-5.0.2/lib/rails/templates/rails/welcome/index.html.erb
  Rendered /users/lpro/casir/carlor/.gem/gems/railties-5.0.2/lib/rails/templates/rails/welcome/index.html.erb (1.9ms)
Completed 200 OK in 3ms (Views: 2.6ms | ActiveRecord: 0.0ms)


Started GET "/" for 127.0.0.1 at 2017-03-09 08:11:55 +0100
Processing by Rails::WelcomeController#index as HTML
  Parameters: {"internal"=>true}
  Rendering /users/lpro/casir/carlor/.gem/gems/railties-5.0.2/lib/rails/templates/rails/welcome/index.html.erb
  Rendered /users/lpro/casir/carlor/.gem/gems/railties-5.0.2/lib/rails/templates/rails/welcome/index.html.erb (1.9ms)
Completed 200 OK in 4ms (Views: 2.8ms | ActiveRecord: 0.0ms)


Started GET "/" for 127.0.0.1 at 2017-03-09 08:11:55 +0100
Processing by Rails::WelcomeController#index as HTML
  Parameters: {"internal"=>true}
  Rendering /users/lpro/casir/carlor/.gem/gems/railties-5.0.2/lib/rails/templates/rails/welcome/index.html.erb
  Rendered /users/lpro/casir/carlor/.gem/gems/railties-5.0.2/lib/rails/templates/rails/welcome/index.html.erb (1.8ms)
Completed 200 OK in 3ms (Views: 2.6ms | ActiveRecord: 0.0ms)


Started GET "/" for 127.0.0.1 at 2017-03-09 08:11:55 +0100
Processing by Rails::WelcomeController#index as HTML
  Parameters: {"internal"=>true}
  Rendering /users/lpro/casir/carlor/.gem/gems/railties-5.0.2/lib/rails/templates/rails/welcome/index.html.erb
  Rendered /users/lpro/casir/carlor/.gem/gems/railties-5.0.2/lib/rails/templates/rails/welcome/index.html.erb (1.8ms)
Completed 200 OK in 4ms (Views: 2.5ms | ActiveRecord: 0.0ms)


Started GET "/" for 127.0.0.1 at 2017-03-09 08:11:55 +0100
Processing by Rails::WelcomeController#index as HTML
  Parameters: {"internal"=>true}
  Rendering /users/lpro/casir/carlor/.gem/gems/railties-5.0.2/lib/rails/templates/rails/welcome/index.html.erb
  Rendered /users/lpro/casir/carlor/.gem/gems/railties-5.0.2/lib/rails/templates/rails/welcome/index.html.erb (1.9ms)
Completed 200 OK in 3ms (Views: 2.7ms | ActiveRecord: 0.0ms)


Started GET "/" for 127.0.0.1 at 2017-03-09 08:11:55 +0100
Processing by Rails::WelcomeController#index as HTML
  Parameters: {"internal"=>true}
  Rendering /users/lpro/casir/carlor/.gem/gems/railties-5.0.2/lib/rails/templates/rails/welcome/index.html.erb
  Rendered /users/lpro/casir/carlor/.gem/gems/railties-5.0.2/lib/rails/templates/rails/welcome/index.html.erb (1.7ms)
Completed 200 OK in 3ms (Views: 2.3ms | ActiveRecord: 0.0ms)


Started GET "/" for 127.0.0.1 at 2017-03-09 08:11:55 +0100
Processing by Rails::WelcomeController#index as HTML
  Parameters: {"internal"=>true}
  Rendering /users/lpro/casir/carlor/.gem/gems/railties-5.0.2/lib/rails/templates/rails/welcome/index.html.erb
  Rendered /users/lpro/casir/carlor/.gem/gems/railties-5.0.2/lib/rails/templates/rails/welcome/index.html.erb (1.8ms)
Completed 200 OK in 3ms (Views: 2.5ms | ActiveRecord: 0.0ms)


Started GET "/" for 127.0.0.1 at 2017-03-09 08:11:55 +0100
Processing by Rails::WelcomeController#index as HTML
  Parameters: {"internal"=>true}
  Rendering /users/lpro/casir/carlor/.gem/gems/railties-5.0.2/lib/rails/templates/rails/welcome/index.html.erb
  Rendered /users/lpro/casir/carlor/.gem/gems/railties-5.0.2/lib/rails/templates/rails/welcome/index.html.erb (1.8ms)
Completed 200 OK in 3ms (Views: 2.6ms | ActiveRecord: 0.0ms)


Started GET "/" for 127.0.0.1 at 2017-03-09 08:11:55 +0100
Processing by Rails::WelcomeController#index as HTML
  Parameters: {"internal"=>true}
  Rendering /users/lpro/casir/carlor/.gem/gems/railties-5.0.2/lib/rails/templates/rails/welcome/index.html.erb
  Rendered /users/lpro/casir/carlor/.gem/gems/railties-5.0.2/lib/rails/templates/rails/welcome/index.html.erb (1.9ms)
Completed 200 OK in 3ms (Views: 2.6ms | ActiveRecord: 0.0ms)


Started GET "/" for 127.0.0.1 at 2017-03-09 08:11:55 +0100
Processing by Rails::WelcomeController#index as HTML
  Parameters: {"internal"=>true}
  Rendering /users/lpro/casir/carlor/.gem/gems/railties-5.0.2/lib/rails/templates/rails/welcome/index.html.erb
  Rendered /users/lpro/casir/carlor/.gem/gems/railties-5.0.2/lib/rails/templates/rails/welcome/index.html.erb (1.7ms)
Completed 200 OK in 3ms (Views: 2.4ms | ActiveRecord: 0.0ms)


Started GET "/" for 127.0.0.1 at 2017-03-09 08:11:55 +0100
Processing by Rails::WelcomeController#index as HTML
  Parameters: {"internal"=>true}
  Rendering /users/lpro/casir/carlor/.gem/gems/railties-5.0.2/lib/rails/templates/rails/welcome/index.html.erb
  Rendered /users/lpro/casir/carlor/.gem/gems/railties-5.0.2/lib/rails/templates/rails/welcome/index.html.erb (1.8ms)
Completed 200 OK in 3ms (Views: 2.4ms | ActiveRecord: 0.0ms)


Started GET "/" for 127.0.0.1 at 2017-03-09 08:11:55 +0100
Processing by Rails::WelcomeController#index as HTML
  Parameters: {"internal"=>true}
  Rendering /users/lpro/casir/carlor/.gem/gems/railties-5.0.2/lib/rails/templates/rails/welcome/index.html.erb
  Rendered /users/lpro/casir/carlor/.gem/gems/railties-5.0.2/lib/rails/templates/rails/welcome/index.html.erb (1.7ms)
Completed 200 OK in 3ms (Views: 2.4ms | ActiveRecord: 0.0ms)


Started GET "/" for 127.0.0.1 at 2017-03-09 08:11:55 +0100
Processing by Rails::WelcomeController#index as HTML
  Parameters: {"internal"=>true}
  Rendering /users/lpro/casir/carlor/.gem/gems/railties-5.0.2/lib/rails/templates/rails/welcome/index.html.erb
  Rendered /users/lpro/casir/carlor/.gem/gems/railties-5.0.2/lib/rails/templates/rails/welcome/index.html.erb (1.9ms)
Completed 200 OK in 3ms (Views: 2.7ms | ActiveRecord: 0.0ms)


Started GET "/" for 127.0.0.1 at 2017-03-09 08:11:55 +0100
Processing by Rails::WelcomeController#index as HTML
  Parameters: {"internal"=>true}
  Rendering /users/lpro/casir/carlor/.gem/gems/railties-5.0.2/lib/rails/templates/rails/welcome/index.html.erb
  Rendered /users/lpro/casir/carlor/.gem/gems/railties-5.0.2/lib/rails/templates/rails/welcome/index.html.erb (1.9ms)
Completed 200 OK in 3ms (Views: 2.6ms | ActiveRecord: 0.0ms)


Started GET "/" for 127.0.0.1 at 2017-03-09 08:11:55 +0100
Processing by Rails::WelcomeController#index as HTML
  Parameters: {"internal"=>true}
  Rendering /users/lpro/casir/carlor/.gem/gems/railties-5.0.2/lib/rails/templates/rails/welcome/index.html.erb
  Rendered /users/lpro/casir/carlor/.gem/gems/railties-5.0.2/lib/rails/templates/rails/welcome/index.html.erb (1.7ms)
Completed 200 OK in 3ms (Views: 2.4ms | ActiveRecord: 0.0ms)


Started GET "/" for 127.0.0.1 at 2017-03-09 08:11:55 +0100
Processing by Rails::WelcomeController#index as HTML
  Parameters: {"internal"=>true}
  Rendering /users/lpro/casir/carlor/.gem/gems/railties-5.0.2/lib/rails/templates/rails/welcome/index.html.erb
  Rendered /users/lpro/casir/carlor/.gem/gems/railties-5.0.2/lib/rails/templates/rails/welcome/index.html.erb (1.7ms)
Completed 200 OK in 3ms (Views: 2.4ms | ActiveRecord: 0.0ms)


Started GET "/" for 127.0.0.1 at 2017-03-09 08:11:55 +0100
Processing by Rails::WelcomeController#index as HTML
  Parameters: {"internal"=>true}
  Rendering /users/lpro/casir/carlor/.gem/gems/railties-5.0.2/lib/rails/templates/rails/welcome/index.html.erb
  Rendered /users/lpro/casir/carlor/.gem/gems/railties-5.0.2/lib/rails/templates/rails/welcome/index.html.erb (1.7ms)
Completed 200 OK in 3ms (Views: 2.4ms | ActiveRecord: 0.0ms)


Started GET "/" for 127.0.0.1 at 2017-03-09 08:11:55 +0100
Processing by Rails::WelcomeController#index as HTML
  Parameters: {"internal"=>true}
  Rendering /users/lpro/casir/carlor/.gem/gems/railties-5.0.2/lib/rails/templates/rails/welcome/index.html.erb
  Rendered /users/lpro/casir/carlor/.gem/gems/railties-5.0.2/lib/rails/templates/rails/welcome/index.html.erb (1.9ms)
Completed 200 OK in 4ms (Views: 2.8ms | ActiveRecord: 0.0ms)


Started GET "/" for 127.0.0.1 at 2017-03-09 08:11:55 +0100
Processing by Rails::WelcomeController#index as HTML
  Parameters: {"internal"=>true}
  Rendering /users/lpro/casir/carlor/.gem/gems/railties-5.0.2/lib/rails/templates/rails/welcome/index.html.erb
  Rendered /users/lpro/casir/carlor/.gem/gems/railties-5.0.2/lib/rails/templates/rails/welcome/index.html.erb (1.9ms)
Completed 200 OK in 3ms (Views: 2.6ms | ActiveRecord: 0.0ms)


Started GET "/" for 127.0.0.1 at 2017-03-09 08:11:55 +0100
Processing by Rails::WelcomeController#index as HTML
  Parameters: {"internal"=>true}
  Rendering /users/lpro/casir/carlor/.gem/gems/railties-5.0.2/lib/rails/templates/rails/welcome/index.html.erb
  Rendered /users/lpro/casir/carlor/.gem/gems/railties-5.0.2/lib/rails/templates/rails/welcome/index.html.erb (1.7ms)
Completed 200 OK in 3ms (Views: 2.5ms | ActiveRecord: 0.0ms)


Started GET "/" for 127.0.0.1 at 2017-03-09 08:11:56 +0100
Processing by Rails::WelcomeController#index as HTML
  Parameters: {"internal"=>true}
  Rendering /users/lpro/casir/carlor/.gem/gems/railties-5.0.2/lib/rails/templates/rails/welcome/index.html.erb
  Rendered /users/lpro/casir/carlor/.gem/gems/railties-5.0.2/lib/rails/templates/rails/welcome/index.html.erb (1.6ms)
Completed 200 OK in 3ms (Views: 2.4ms | ActiveRecord: 0.0ms)


Started GET "/" for 127.0.0.1 at 2017-03-09 08:11:56 +0100
Processing by Rails::WelcomeController#index as HTML
  Parameters: {"internal"=>true}
  Rendering /users/lpro/casir/carlor/.gem/gems/railties-5.0.2/lib/rails/templates/rails/welcome/index.html.erb
  Rendered /users/lpro/casir/carlor/.gem/gems/railties-5.0.2/lib/rails/templates/rails/welcome/index.html.erb (1.7ms)
Completed 200 OK in 3ms (Views: 2.4ms | ActiveRecord: 0.0ms)


Started GET "/" for 127.0.0.1 at 2017-03-09 08:11:56 +0100
Processing by Rails::WelcomeController#index as HTML
  Parameters: {"internal"=>true}
  Rendering /users/lpro/casir/carlor/.gem/gems/railties-5.0.2/lib/rails/templates/rails/welcome/index.html.erb
  Rendered /users/lpro/casir/carlor/.gem/gems/railties-5.0.2/lib/rails/templates/rails/welcome/index.html.erb (1.8ms)
Completed 200 OK in 3ms (Views: 2.5ms | ActiveRecord: 0.0ms)


Started GET "/" for 127.0.0.1 at 2017-03-09 08:11:56 +0100
Processing by Rails::WelcomeController#index as HTML
  Parameters: {"internal"=>true}
  Rendering /users/lpro/casir/carlor/.gem/gems/railties-5.0.2/lib/rails/templates/rails/welcome/index.html.erb
  Rendered /users/lpro/casir/carlor/.gem/gems/railties-5.0.2/lib/rails/templates/rails/welcome/index.html.erb (2.6ms)
Completed 200 OK in 4ms (Views: 3.4ms | ActiveRecord: 0.0ms)


Started GET "/" for 127.0.0.1 at 2017-03-09 08:11:56 +0100
Processing by Rails::WelcomeController#index as HTML
  Parameters: {"internal"=>true}
  Rendering /users/lpro/casir/carlor/.gem/gems/railties-5.0.2/lib/rails/templates/rails/welcome/index.html.erb
  Rendered /users/lpro/casir/carlor/.gem/gems/railties-5.0.2/lib/rails/templates/rails/welcome/index.html.erb (2.0ms)
Completed 200 OK in 4ms (Views: 2.8ms | ActiveRecord: 0.0ms)


Started GET "/" for 127.0.0.1 at 2017-03-09 08:11:56 +0100
Processing by Rails::WelcomeController#index as HTML
  Parameters: {"internal"=>true}
  Rendering /users/lpro/casir/carlor/.gem/gems/railties-5.0.2/lib/rails/templates/rails/welcome/index.html.erb
  Rendered /users/lpro/casir/carlor/.gem/gems/railties-5.0.2/lib/rails/templates/rails/welcome/index.html.erb (1.8ms)
Completed 200 OK in 3ms (Views: 2.5ms | ActiveRecord: 0.0ms)


Started GET "/" for 127.0.0.1 at 2017-03-09 08:11:56 +0100
Processing by Rails::WelcomeController#index as HTML
  Parameters: {"internal"=>true}
  Rendering /users/lpro/casir/carlor/.gem/gems/railties-5.0.2/lib/rails/templates/rails/welcome/index.html.erb
  Rendered /users/lpro/casir/carlor/.gem/gems/railties-5.0.2/lib/rails/templates/rails/welcome/index.html.erb (1.7ms)
Completed 200 OK in 3ms (Views: 2.4ms | ActiveRecord: 0.0ms)


Started GET "/" for 127.0.0.1 at 2017-03-09 08:11:56 +0100
Processing by Rails::WelcomeController#index as HTML
  Parameters: {"internal"=>true}
  Rendering /users/lpro/casir/carlor/.gem/gems/railties-5.0.2/lib/rails/templates/rails/welcome/index.html.erb
  Rendered /users/lpro/casir/carlor/.gem/gems/railties-5.0.2/lib/rails/templates/rails/welcome/index.html.erb (1.8ms)
Completed 200 OK in 3ms (Views: 2.5ms | ActiveRecord: 0.0ms)


Started GET "/" for 127.0.0.1 at 2017-03-09 08:11:56 +0100
Processing by Rails::WelcomeController#index as HTML
  Parameters: {"internal"=>true}
  Rendering /users/lpro/casir/carlor/.gem/gems/railties-5.0.2/lib/rails/templates/rails/welcome/index.html.erb
  Rendered /users/lpro/casir/carlor/.gem/gems/railties-5.0.2/lib/rails/templates/rails/welcome/index.html.erb (1.8ms)
Completed 200 OK in 3ms (Views: 2.5ms | ActiveRecord: 0.0ms)


Started GET "/" for 127.0.0.1 at 2017-03-09 08:11:56 +0100
Processing by Rails::WelcomeController#index as HTML
  Parameters: {"internal"=>true}
  Rendering /users/lpro/casir/carlor/.gem/gems/railties-5.0.2/lib/rails/templates/rails/welcome/index.html.erb
  Rendered /users/lpro/casir/carlor/.gem/gems/railties-5.0.2/lib/rails/templates/rails/welcome/index.html.erb (1.7ms)
Completed 200 OK in 3ms (Views: 2.6ms | ActiveRecord: 0.0ms)


Started GET "/" for 127.0.0.1 at 2017-03-09 08:11:56 +0100
Processing by Rails::WelcomeController#index as HTML
  Parameters: {"internal"=>true}
  Rendering /users/lpro/casir/carlor/.gem/gems/railties-5.0.2/lib/rails/templates/rails/welcome/index.html.erb
  Rendered /users/lpro/casir/carlor/.gem/gems/railties-5.0.2/lib/rails/templates/rails/welcome/index.html.erb (1.7ms)
Completed 200 OK in 3ms (Views: 2.4ms | ActiveRecord: 0.0ms)


Started GET "/" for 127.0.0.1 at 2017-03-09 08:11:56 +0100
Processing by Rails::WelcomeController#index as HTML
  Parameters: {"internal"=>true}
  Rendering /users/lpro/casir/carlor/.gem/gems/railties-5.0.2/lib/rails/templates/rails/welcome/index.html.erb
  Rendered /users/lpro/casir/carlor/.gem/gems/railties-5.0.2/lib/rails/templates/rails/welcome/index.html.erb (1.7ms)
Completed 200 OK in 3ms (Views: 2.3ms | ActiveRecord: 0.0ms)


Started GET "/" for 127.0.0.1 at 2017-03-09 08:11:56 +0100
Processing by Rails::WelcomeController#index as HTML
  Parameters: {"internal"=>true}
  Rendering /users/lpro/casir/carlor/.gem/gems/railties-5.0.2/lib/rails/templates/rails/welcome/index.html.erb
  Rendered /users/lpro/casir/carlor/.gem/gems/railties-5.0.2/lib/rails/templates/rails/welcome/index.html.erb (1.9ms)
Completed 200 OK in 3ms (Views: 2.6ms | ActiveRecord: 0.0ms)


Started GET "/" for 127.0.0.1 at 2017-03-09 08:11:56 +0100
Processing by Rails::WelcomeController#index as HTML
  Parameters: {"internal"=>true}
  Rendering /users/lpro/casir/carlor/.gem/gems/railties-5.0.2/lib/rails/templates/rails/welcome/index.html.erb
  Rendered /users/lpro/casir/carlor/.gem/gems/railties-5.0.2/lib/rails/templates/rails/welcome/index.html.erb (1.7ms)
Completed 200 OK in 3ms (Views: 2.4ms | ActiveRecord: 0.0ms)


Started GET "/" for 127.0.0.1 at 2017-03-09 08:11:56 +0100
Processing by Rails::WelcomeController#index as HTML
  Parameters: {"internal"=>true}
  Rendering /users/lpro/casir/carlor/.gem/gems/railties-5.0.2/lib/rails/templates/rails/welcome/index.html.erb
  Rendered /users/lpro/casir/carlor/.gem/gems/railties-5.0.2/lib/rails/templates/rails/welcome/index.html.erb (1.7ms)
Completed 200 OK in 3ms (Views: 2.5ms | ActiveRecord: 0.0ms)


Started GET "/" for 127.0.0.1 at 2017-03-09 08:11:56 +0100
Processing by Rails::WelcomeController#index as HTML
  Parameters: {"internal"=>true}
  Rendering /users/lpro/casir/carlor/.gem/gems/railties-5.0.2/lib/rails/templates/rails/welcome/index.html.erb
  Rendered /users/lpro/casir/carlor/.gem/gems/railties-5.0.2/lib/rails/templates/rails/welcome/index.html.erb (1.9ms)
Completed 200 OK in 3ms (Views: 2.6ms | ActiveRecord: 0.0ms)


Started GET "/" for 127.0.0.1 at 2017-03-09 08:11:56 +0100
Processing by Rails::WelcomeController#index as HTML
  Parameters: {"internal"=>true}
  Rendering /users/lpro/casir/carlor/.gem/gems/railties-5.0.2/lib/rails/templates/rails/welcome/index.html.erb
  Rendered /users/lpro/casir/carlor/.gem/gems/railties-5.0.2/lib/rails/templates/rails/welcome/index.html.erb (1.7ms)
Completed 200 OK in 3ms (Views: 2.3ms | ActiveRecord: 0.0ms)


Started GET "/" for 127.0.0.1 at 2017-03-09 08:11:56 +0100
Processing by Rails::WelcomeController#index as HTML
  Parameters: {"internal"=>true}
  Rendering /users/lpro/casir/carlor/.gem/gems/railties-5.0.2/lib/rails/templates/rails/welcome/index.html.erb
  Rendered /users/lpro/casir/carlor/.gem/gems/railties-5.0.2/lib/rails/templates/rails/welcome/index.html.erb (1.8ms)
Completed 200 OK in 3ms (Views: 2.5ms | ActiveRecord: 0.0ms)


Started GET "/" for 127.0.0.1 at 2017-03-09 08:11:56 +0100
Processing by Rails::WelcomeController#index as HTML
  Parameters: {"internal"=>true}
  Rendering /users/lpro/casir/carlor/.gem/gems/railties-5.0.2/lib/rails/templates/rails/welcome/index.html.erb
  Rendered /users/lpro/casir/carlor/.gem/gems/railties-5.0.2/lib/rails/templates/rails/welcome/index.html.erb (1.7ms)
Completed 200 OK in 3ms (Views: 2.3ms | ActiveRecord: 0.0ms)


Started GET "/" for 127.0.0.1 at 2017-03-09 08:11:56 +0100
Processing by Rails::WelcomeController#index as HTML
  Parameters: {"internal"=>true}
  Rendering /users/lpro/casir/carlor/.gem/gems/railties-5.0.2/lib/rails/templates/rails/welcome/index.html.erb
  Rendered /users/lpro/casir/carlor/.gem/gems/railties-5.0.2/lib/rails/templates/rails/welcome/index.html.erb (1.8ms)
Completed 200 OK in 3ms (Views: 2.5ms | ActiveRecord: 0.0ms)


Started GET "/" for 127.0.0.1 at 2017-03-09 08:11:56 +0100
Processing by Rails::WelcomeController#index as HTML
  Parameters: {"internal"=>true}
  Rendering /users/lpro/casir/carlor/.gem/gems/railties-5.0.2/lib/rails/templates/rails/welcome/index.html.erb
  Rendered /users/lpro/casir/carlor/.gem/gems/railties-5.0.2/lib/rails/templates/rails/welcome/index.html.erb (1.6ms)
Completed 200 OK in 3ms (Views: 2.4ms | ActiveRecord: 0.0ms)


Started GET "/" for 127.0.0.1 at 2017-03-09 08:11:56 +0100
Processing by Rails::WelcomeController#index as HTML
  Parameters: {"internal"=>true}
  Rendering /users/lpro/casir/carlor/.gem/gems/railties-5.0.2/lib/rails/templates/rails/welcome/index.html.erb
  Rendered /users/lpro/casir/carlor/.gem/gems/railties-5.0.2/lib/rails/templates/rails/welcome/index.html.erb (1.8ms)
Completed 200 OK in 3ms (Views: 2.6ms | ActiveRecord: 0.0ms)


Started GET "/" for 127.0.0.1 at 2017-03-09 08:11:56 +0100
Processing by Rails::WelcomeController#index as HTML
  Parameters: {"internal"=>true}
  Rendering /users/lpro/casir/carlor/.gem/gems/railties-5.0.2/lib/rails/templates/rails/welcome/index.html.erb
  Rendered /users/lpro/casir/carlor/.gem/gems/railties-5.0.2/lib/rails/templates/rails/welcome/index.html.erb (1.9ms)
Completed 200 OK in 4ms (Views: 2.6ms | ActiveRecord: 0.0ms)


Started GET "/" for 127.0.0.1 at 2017-03-09 08:11:56 +0100
Processing by Rails::WelcomeController#index as HTML
  Parameters: {"internal"=>true}
  Rendering /users/lpro/casir/carlor/.gem/gems/railties-5.0.2/lib/rails/templates/rails/welcome/index.html.erb
  Rendered /users/lpro/casir/carlor/.gem/gems/railties-5.0.2/lib/rails/templates/rails/welcome/index.html.erb (2.0ms)
Completed 200 OK in 3ms (Views: 2.6ms | ActiveRecord: 0.0ms)


Started GET "/" for 127.0.0.1 at 2017-03-09 08:11:56 +0100
Processing by Rails::WelcomeController#index as HTML
  Parameters: {"internal"=>true}
  Rendering /users/lpro/casir/carlor/.gem/gems/railties-5.0.2/lib/rails/templates/rails/welcome/index.html.erb
  Rendered /users/lpro/casir/carlor/.gem/gems/railties-5.0.2/lib/rails/templates/rails/welcome/index.html.erb (1.7ms)
Completed 200 OK in 3ms (Views: 2.5ms | ActiveRecord: 0.0ms)


Started GET "/" for 127.0.0.1 at 2017-03-09 08:11:56 +0100
Processing by Rails::WelcomeController#index as HTML
  Parameters: {"internal"=>true}
  Rendering /users/lpro/casir/carlor/.gem/gems/railties-5.0.2/lib/rails/templates/rails/welcome/index.html.erb
  Rendered /users/lpro/casir/carlor/.gem/gems/railties-5.0.2/lib/rails/templates/rails/welcome/index.html.erb (2.0ms)
Completed 200 OK in 3ms (Views: 2.8ms | ActiveRecord: 0.0ms)


Started GET "/" for 127.0.0.1 at 2017-03-09 08:11:56 +0100
Processing by Rails::WelcomeController#index as HTML
  Parameters: {"internal"=>true}
  Rendering /users/lpro/casir/carlor/.gem/gems/railties-5.0.2/lib/rails/templates/rails/welcome/index.html.erb
  Rendered /users/lpro/casir/carlor/.gem/gems/railties-5.0.2/lib/rails/templates/rails/welcome/index.html.erb (1.9ms)
Completed 200 OK in 3ms (Views: 2.5ms | ActiveRecord: 0.0ms)


Started GET "/" for 127.0.0.1 at 2017-03-09 08:11:56 +0100
Processing by Rails::WelcomeController#index as HTML
  Parameters: {"internal"=>true}
  Rendering /users/lpro/casir/carlor/.gem/gems/railties-5.0.2/lib/rails/templates/rails/welcome/index.html.erb
  Rendered /users/lpro/casir/carlor/.gem/gems/railties-5.0.2/lib/rails/templates/rails/welcome/index.html.erb (1.9ms)
Completed 200 OK in 4ms (Views: 3.0ms | ActiveRecord: 0.0ms)


Started GET "/" for 127.0.0.1 at 2017-03-09 08:11:56 +0100
Processing by Rails::WelcomeController#index as HTML
  Parameters: {"internal"=>true}
  Rendering /users/lpro/casir/carlor/.gem/gems/railties-5.0.2/lib/rails/templates/rails/welcome/index.html.erb
  Rendered /users/lpro/casir/carlor/.gem/gems/railties-5.0.2/lib/rails/templates/rails/welcome/index.html.erb (2.0ms)
Completed 200 OK in 3ms (Views: 2.8ms | ActiveRecord: 0.0ms)


Started GET "/" for 127.0.0.1 at 2017-03-09 08:11:56 +0100
Processing by Rails::WelcomeController#index as HTML
  Parameters: {"internal"=>true}
  Rendering /users/lpro/casir/carlor/.gem/gems/railties-5.0.2/lib/rails/templates/rails/welcome/index.html.erb
  Rendered /users/lpro/casir/carlor/.gem/gems/railties-5.0.2/lib/rails/templates/rails/welcome/index.html.erb (2.0ms)
Completed 200 OK in 4ms (Views: 2.9ms | ActiveRecord: 0.0ms)


Started GET "/" for 127.0.0.1 at 2017-03-09 08:11:56 +0100
Processing by Rails::WelcomeController#index as HTML
  Parameters: {"internal"=>true}
  Rendering /users/lpro/casir/carlor/.gem/gems/railties-5.0.2/lib/rails/templates/rails/welcome/index.html.erb
  Rendered /users/lpro/casir/carlor/.gem/gems/railties-5.0.2/lib/rails/templates/rails/welcome/index.html.erb (2.0ms)
Completed 200 OK in 3ms (Views: 2.6ms | ActiveRecord: 0.0ms)


Started GET "/" for 127.0.0.1 at 2017-03-09 08:11:56 +0100
Processing by Rails::WelcomeController#index as HTML
  Parameters: {"internal"=>true}
  Rendering /users/lpro/casir/carlor/.gem/gems/railties-5.0.2/lib/rails/templates/rails/welcome/index.html.erb
  Rendered /users/lpro/casir/carlor/.gem/gems/railties-5.0.2/lib/rails/templates/rails/welcome/index.html.erb (1.7ms)
Completed 200 OK in 28ms (Views: 2.5ms | ActiveRecord: 0.0ms)


Started GET "/" for 127.0.0.1 at 2017-03-09 08:11:56 +0100
Processing by Rails::WelcomeController#index as HTML
  Parameters: {"internal"=>true}
  Rendering /users/lpro/casir/carlor/.gem/gems/railties-5.0.2/lib/rails/templates/rails/welcome/index.html.erb
  Rendered /users/lpro/casir/carlor/.gem/gems/railties-5.0.2/lib/rails/templates/rails/welcome/index.html.erb (1.7ms)
Completed 200 OK in 3ms (Views: 2.4ms | ActiveRecord: 0.0ms)


Started GET "/" for 127.0.0.1 at 2017-03-09 08:11:56 +0100
Processing by Rails::WelcomeController#index as HTML
  Parameters: {"internal"=>true}
  Rendering /users/lpro/casir/carlor/.gem/gems/railties-5.0.2/lib/rails/templates/rails/welcome/index.html.erb
  Rendered /users/lpro/casir/carlor/.gem/gems/railties-5.0.2/lib/rails/templates/rails/welcome/index.html.erb (1.8ms)
Completed 200 OK in 3ms (Views: 2.5ms | ActiveRecord: 0.0ms)


Started GET "/" for 127.0.0.1 at 2017-03-09 08:11:57 +0100
Processing by Rails::WelcomeController#index as HTML
  Parameters: {"internal"=>true}
  Rendering /users/lpro/casir/carlor/.gem/gems/railties-5.0.2/lib/rails/templates/rails/welcome/index.html.erb
  Rendered /users/lpro/casir/carlor/.gem/gems/railties-5.0.2/lib/rails/templates/rails/welcome/index.html.erb (1.7ms)
Completed 200 OK in 3ms (Views: 2.3ms | ActiveRecord: 0.0ms)


Started GET "/" for 127.0.0.1 at 2017-03-09 08:11:57 +0100
Processing by Rails::WelcomeController#index as HTML
  Parameters: {"internal"=>true}
  Rendering /users/lpro/casir/carlor/.gem/gems/railties-5.0.2/lib/rails/templates/rails/welcome/index.html.erb
  Rendered /users/lpro/casir/carlor/.gem/gems/railties-5.0.2/lib/rails/templates/rails/welcome/index.html.erb (1.7ms)
Completed 200 OK in 3ms (Views: 2.3ms | ActiveRecord: 0.0ms)


Started GET "/" for 127.0.0.1 at 2017-03-09 08:11:57 +0100
Processing by Rails::WelcomeController#index as HTML
  Parameters: {"internal"=>true}
  Rendering /users/lpro/casir/carlor/.gem/gems/railties-5.0.2/lib/rails/templates/rails/welcome/index.html.erb
  Rendered /users/lpro/casir/carlor/.gem/gems/railties-5.0.2/lib/rails/templates/rails/welcome/index.html.erb (1.7ms)
Completed 200 OK in 3ms (Views: 2.4ms | ActiveRecord: 0.0ms)


Started GET "/" for 127.0.0.1 at 2017-03-09 08:11:57 +0100
Processing by Rails::WelcomeController#index as HTML
  Parameters: {"internal"=>true}
  Rendering /users/lpro/casir/carlor/.gem/gems/railties-5.0.2/lib/rails/templates/rails/welcome/index.html.erb
  Rendered /users/lpro/casir/carlor/.gem/gems/railties-5.0.2/lib/rails/templates/rails/welcome/index.html.erb (1.7ms)
Completed 200 OK in 3ms (Views: 2.3ms | ActiveRecord: 0.0ms)


Started GET "/" for 127.0.0.1 at 2017-03-09 08:11:57 +0100
Processing by Rails::WelcomeController#index as HTML
  Parameters: {"internal"=>true}
  Rendering /users/lpro/casir/carlor/.gem/gems/railties-5.0.2/lib/rails/templates/rails/welcome/index.html.erb
  Rendered /users/lpro/casir/carlor/.gem/gems/railties-5.0.2/lib/rails/templates/rails/welcome/index.html.erb (1.8ms)
Completed 200 OK in 3ms (Views: 2.4ms | ActiveRecord: 0.0ms)


Started GET "/" for 127.0.0.1 at 2017-03-09 08:11:57 +0100
Processing by Rails::WelcomeController#index as HTML
  Parameters: {"internal"=>true}
  Rendering /users/lpro/casir/carlor/.gem/gems/railties-5.0.2/lib/rails/templates/rails/welcome/index.html.erb
  Rendered /users/lpro/casir/carlor/.gem/gems/railties-5.0.2/lib/rails/templates/rails/welcome/index.html.erb (1.7ms)
Completed 200 OK in 3ms (Views: 2.5ms | ActiveRecord: 0.0ms)


Started GET "/" for 127.0.0.1 at 2017-03-09 08:11:57 +0100
Processing by Rails::WelcomeController#index as HTML
  Parameters: {"internal"=>true}
  Rendering /users/lpro/casir/carlor/.gem/gems/railties-5.0.2/lib/rails/templates/rails/welcome/index.html.erb
  Rendered /users/lpro/casir/carlor/.gem/gems/railties-5.0.2/lib/rails/templates/rails/welcome/index.html.erb (1.7ms)
Completed 200 OK in 3ms (Views: 2.4ms | ActiveRecord: 0.0ms)


Started GET "/" for 127.0.0.1 at 2017-03-09 08:11:57 +0100
Processing by Rails::WelcomeController#index as HTML
  Parameters: {"internal"=>true}
  Rendering /users/lpro/casir/carlor/.gem/gems/railties-5.0.2/lib/rails/templates/rails/welcome/index.html.erb
  Rendered /users/lpro/casir/carlor/.gem/gems/railties-5.0.2/lib/rails/templates/rails/welcome/index.html.erb (1.9ms)
Completed 200 OK in 3ms (Views: 2.5ms | ActiveRecord: 0.0ms)


Started GET "/" for 127.0.0.1 at 2017-03-09 08:11:57 +0100
Processing by Rails::WelcomeController#index as HTML
  Parameters: {"internal"=>true}
  Rendering /users/lpro/casir/carlor/.gem/gems/railties-5.0.2/lib/rails/templates/rails/welcome/index.html.erb
  Rendered /users/lpro/casir/carlor/.gem/gems/railties-5.0.2/lib/rails/templates/rails/welcome/index.html.erb (1.7ms)
Completed 200 OK in 3ms (Views: 2.5ms | ActiveRecord: 0.0ms)


Started GET "/" for 127.0.0.1 at 2017-03-09 08:11:57 +0100
Processing by Rails::WelcomeController#index as HTML
  Parameters: {"internal"=>true}
  Rendering /users/lpro/casir/carlor/.gem/gems/railties-5.0.2/lib/rails/templates/rails/welcome/index.html.erb
  Rendered /users/lpro/casir/carlor/.gem/gems/railties-5.0.2/lib/rails/templates/rails/welcome/index.html.erb (1.8ms)
Completed 200 OK in 3ms (Views: 2.5ms | ActiveRecord: 0.0ms)


Started GET "/" for 127.0.0.1 at 2017-03-09 08:11:57 +0100
Processing by Rails::WelcomeController#index as HTML
  Parameters: {"internal"=>true}
  Rendering /users/lpro/casir/carlor/.gem/gems/railties-5.0.2/lib/rails/templates/rails/welcome/index.html.erb
  Rendered /users/lpro/casir/carlor/.gem/gems/railties-5.0.2/lib/rails/templates/rails/welcome/index.html.erb (1.9ms)
Completed 200 OK in 3ms (Views: 2.6ms | ActiveRecord: 0.0ms)


Started GET "/" for 127.0.0.1 at 2017-03-09 08:11:57 +0100
Processing by Rails::WelcomeController#index as HTML
  Parameters: {"internal"=>true}
  Rendering /users/lpro/casir/carlor/.gem/gems/railties-5.0.2/lib/rails/templates/rails/welcome/index.html.erb
  Rendered /users/lpro/casir/carlor/.gem/gems/railties-5.0.2/lib/rails/templates/rails/welcome/index.html.erb (1.6ms)
Completed 200 OK in 3ms (Views: 2.3ms | ActiveRecord: 0.0ms)


Started GET "/" for 127.0.0.1 at 2017-03-09 08:11:57 +0100
Processing by Rails::WelcomeController#index as HTML
  Parameters: {"internal"=>true}
  Rendering /users/lpro/casir/carlor/.gem/gems/railties-5.0.2/lib/rails/templates/rails/welcome/index.html.erb
  Rendered /users/lpro/casir/carlor/.gem/gems/railties-5.0.2/lib/rails/templates/rails/welcome/index.html.erb (1.7ms)
Completed 200 OK in 3ms (Views: 2.4ms | ActiveRecord: 0.0ms)


Started GET "/" for 127.0.0.1 at 2017-03-09 08:11:57 +0100
Processing by Rails::WelcomeController#index as HTML
  Parameters: {"internal"=>true}
  Rendering /users/lpro/casir/carlor/.gem/gems/railties-5.0.2/lib/rails/templates/rails/welcome/index.html.erb
  Rendered /users/lpro/casir/carlor/.gem/gems/railties-5.0.2/lib/rails/templates/rails/welcome/index.html.erb (1.7ms)
Completed 200 OK in 3ms (Views: 2.3ms | ActiveRecord: 0.0ms)


Started GET "/" for 127.0.0.1 at 2017-03-09 08:11:57 +0100
Processing by Rails::WelcomeController#index as HTML
  Parameters: {"internal"=>true}
  Rendering /users/lpro/casir/carlor/.gem/gems/railties-5.0.2/lib/rails/templates/rails/welcome/index.html.erb
  Rendered /users/lpro/casir/carlor/.gem/gems/railties-5.0.2/lib/rails/templates/rails/welcome/index.html.erb (2.0ms)
Completed 200 OK in 3ms (Views: 2.8ms | ActiveRecord: 0.0ms)


Started GET "/" for 127.0.0.1 at 2017-03-09 08:11:57 +0100
Processing by Rails::WelcomeController#index as HTML
  Parameters: {"internal"=>true}
  Rendering /users/lpro/casir/carlor/.gem/gems/railties-5.0.2/lib/rails/templates/rails/welcome/index.html.erb
  Rendered /users/lpro/casir/carlor/.gem/gems/railties-5.0.2/lib/rails/templates/rails/welcome/index.html.erb (1.8ms)
Completed 200 OK in 3ms (Views: 2.4ms | ActiveRecord: 0.0ms)


Started GET "/" for 127.0.0.1 at 2017-03-09 08:11:57 +0100
Processing by Rails::WelcomeController#index as HTML
  Parameters: {"internal"=>true}
  Rendering /users/lpro/casir/carlor/.gem/gems/railties-5.0.2/lib/rails/templates/rails/welcome/index.html.erb
  Rendered /users/lpro/casir/carlor/.gem/gems/railties-5.0.2/lib/rails/templates/rails/welcome/index.html.erb (1.7ms)
Completed 200 OK in 3ms (Views: 2.4ms | ActiveRecord: 0.0ms)


Started GET "/" for 127.0.0.1 at 2017-03-09 08:11:57 +0100
Processing by Rails::WelcomeController#index as HTML
  Parameters: {"internal"=>true}
  Rendering /users/lpro/casir/carlor/.gem/gems/railties-5.0.2/lib/rails/templates/rails/welcome/index.html.erb
  Rendered /users/lpro/casir/carlor/.gem/gems/railties-5.0.2/lib/rails/templates/rails/welcome/index.html.erb (1.7ms)
Completed 200 OK in 3ms (Views: 2.4ms | ActiveRecord: 0.0ms)


Started GET "/" for 127.0.0.1 at 2017-03-09 08:11:57 +0100
Processing by Rails::WelcomeController#index as HTML
  Parameters: {"internal"=>true}
  Rendering /users/lpro/casir/carlor/.gem/gems/railties-5.0.2/lib/rails/templates/rails/welcome/index.html.erb
  Rendered /users/lpro/casir/carlor/.gem/gems/railties-5.0.2/lib/rails/templates/rails/welcome/index.html.erb (1.7ms)
Completed 200 OK in 3ms (Views: 2.4ms | ActiveRecord: 0.0ms)


Started GET "/" for 127.0.0.1 at 2017-03-09 08:11:57 +0100
Processing by Rails::WelcomeController#index as HTML
  Parameters: {"internal"=>true}
  Rendering /users/lpro/casir/carlor/.gem/gems/railties-5.0.2/lib/rails/templates/rails/welcome/index.html.erb
  Rendered /users/lpro/casir/carlor/.gem/gems/railties-5.0.2/lib/rails/templates/rails/welcome/index.html.erb (1.7ms)
Completed 200 OK in 3ms (Views: 2.6ms | ActiveRecord: 0.0ms)


Started GET "/" for 127.0.0.1 at 2017-03-09 08:11:57 +0100
Processing by Rails::WelcomeController#index as HTML
  Parameters: {"internal"=>true}
  Rendering /users/lpro/casir/carlor/.gem/gems/railties-5.0.2/lib/rails/templates/rails/welcome/index.html.erb
  Rendered /users/lpro/casir/carlor/.gem/gems/railties-5.0.2/lib/rails/templates/rails/welcome/index.html.erb (1.8ms)
Completed 200 OK in 3ms (Views: 2.6ms | ActiveRecord: 0.0ms)


Started GET "/" for 127.0.0.1 at 2017-03-09 08:11:57 +0100
Processing by Rails::WelcomeController#index as HTML
  Parameters: {"internal"=>true}
  Rendering /users/lpro/casir/carlor/.gem/gems/railties-5.0.2/lib/rails/templates/rails/welcome/index.html.erb
  Rendered /users/lpro/casir/carlor/.gem/gems/railties-5.0.2/lib/rails/templates/rails/welcome/index.html.erb (1.8ms)
Completed 200 OK in 3ms (Views: 2.6ms | ActiveRecord: 0.0ms)


Started GET "/" for 127.0.0.1 at 2017-03-09 08:11:57 +0100
Processing by Rails::WelcomeController#index as HTML
  Parameters: {"internal"=>true}
  Rendering /users/lpro/casir/carlor/.gem/gems/railties-5.0.2/lib/rails/templates/rails/welcome/index.html.erb
Started GET "/" for 127.0.0.1 at 2017-03-09 08:11:57 +0100
Processing by Rails::WelcomeController#index as HTML
  Rendered /users/lpro/casir/carlor/.gem/gems/railties-5.0.2/lib/rails/templates/rails/welcome/index.html.erb (32.7ms)
  Parameters: {"internal"=>true}
Completed 200 OK in 34ms (Views: 33.5ms | ActiveRecord: 0.0ms)


  Rendering /users/lpro/casir/carlor/.gem/gems/railties-5.0.2/lib/rails/templates/rails/welcome/index.html.erb
  Rendered /users/lpro/casir/carlor/.gem/gems/railties-5.0.2/lib/rails/templates/rails/welcome/index.html.erb (1.7ms)
Completed 200 OK in 4ms (Views: 2.4ms | ActiveRecord: 0.0ms)


Started GET "/" for 127.0.0.1 at 2017-03-09 08:11:57 +0100
Processing by Rails::WelcomeController#index as HTML
  Parameters: {"internal"=>true}
  Rendering /users/lpro/casir/carlor/.gem/gems/railties-5.0.2/lib/rails/templates/rails/welcome/index.html.erb
  Rendered /users/lpro/casir/carlor/.gem/gems/railties-5.0.2/lib/rails/templates/rails/welcome/index.html.erb (1.7ms)
Completed 200 OK in 3ms (Views: 2.4ms | ActiveRecord: 0.0ms)


Started GET "/" for 127.0.0.1 at 2017-03-09 08:11:57 +0100
Processing by Rails::WelcomeController#index as HTML
  Parameters: {"internal"=>true}
  Rendering /users/lpro/casir/carlor/.gem/gems/railties-5.0.2/lib/rails/templates/rails/welcome/index.html.erb
  Rendered /users/lpro/casir/carlor/.gem/gems/railties-5.0.2/lib/rails/templates/rails/welcome/index.html.erb (1.8ms)
Completed 200 OK in 3ms (Views: 2.6ms | ActiveRecord: 0.0ms)


Started GET "/" for 127.0.0.1 at 2017-03-09 08:11:57 +0100
Processing by Rails::WelcomeController#index as HTML
  Parameters: {"internal"=>true}
  Rendering /users/lpro/casir/carlor/.gem/gems/railties-5.0.2/lib/rails/templates/rails/welcome/index.html.erb
  Rendered /users/lpro/casir/carlor/.gem/gems/railties-5.0.2/lib/rails/templates/rails/welcome/index.html.erb (1.8ms)
Completed 200 OK in 3ms (Views: 2.5ms | ActiveRecord: 0.0ms)


Started GET "/" for 127.0.0.1 at 2017-03-09 08:11:57 +0100
Processing by Rails::WelcomeController#index as HTML
  Parameters: {"internal"=>true}
  Rendering /users/lpro/casir/carlor/.gem/gems/railties-5.0.2/lib/rails/templates/rails/welcome/index.html.erb
  Rendered /users/lpro/casir/carlor/.gem/gems/railties-5.0.2/lib/rails/templates/rails/welcome/index.html.erb (1.8ms)
Completed 200 OK in 3ms (Views: 2.5ms | ActiveRecord: 0.0ms)


Started GET "/" for 127.0.0.1 at 2017-03-09 08:11:57 +0100
Processing by Rails::WelcomeController#index as HTML
  Parameters: {"internal"=>true}
  Rendering /users/lpro/casir/carlor/.gem/gems/railties-5.0.2/lib/rails/templates/rails/welcome/index.html.erb
  Rendered /users/lpro/casir/carlor/.gem/gems/railties-5.0.2/lib/rails/templates/rails/welcome/index.html.erb (1.7ms)
Completed 200 OK in 3ms (Views: 2.4ms | ActiveRecord: 0.0ms)


Started GET "/" for 127.0.0.1 at 2017-03-09 08:11:57 +0100
Processing by Rails::WelcomeController#index as HTML
  Parameters: {"internal"=>true}
  Rendering /users/lpro/casir/carlor/.gem/gems/railties-5.0.2/lib/rails/templates/rails/welcome/index.html.erb
  Rendered /users/lpro/casir/carlor/.gem/gems/railties-5.0.2/lib/rails/templates/rails/welcome/index.html.erb (1.9ms)
Completed 200 OK in 3ms (Views: 2.6ms | ActiveRecord: 0.0ms)


Started GET "/" for 127.0.0.1 at 2017-03-09 08:11:57 +0100
Processing by Rails::WelcomeController#index as HTML
  Parameters: {"internal"=>true}
  Rendering /users/lpro/casir/carlor/.gem/gems/railties-5.0.2/lib/rails/templates/rails/welcome/index.html.erb
  Rendered /users/lpro/casir/carlor/.gem/gems/railties-5.0.2/lib/rails/templates/rails/welcome/index.html.erb (1.7ms)
Completed 200 OK in 3ms (Views: 2.4ms | ActiveRecord: 0.0ms)


Started GET "/" for 127.0.0.1 at 2017-03-09 08:11:57 +0100
Processing by Rails::WelcomeController#index as HTML
  Parameters: {"internal"=>true}
  Rendering /users/lpro/casir/carlor/.gem/gems/railties-5.0.2/lib/rails/templates/rails/welcome/index.html.erb
  Rendered /users/lpro/casir/carlor/.gem/gems/railties-5.0.2/lib/rails/templates/rails/welcome/index.html.erb (1.7ms)
Completed 200 OK in 3ms (Views: 2.5ms | ActiveRecord: 0.0ms)


Started GET "/" for 127.0.0.1 at 2017-03-09 08:11:57 +0100
Processing by Rails::WelcomeController#index as HTML
  Parameters: {"internal"=>true}
  Rendering /users/lpro/casir/carlor/.gem/gems/railties-5.0.2/lib/rails/templates/rails/welcome/index.html.erb
  Rendered /users/lpro/casir/carlor/.gem/gems/railties-5.0.2/lib/rails/templates/rails/welcome/index.html.erb (1.7ms)
Completed 200 OK in 3ms (Views: 2.4ms | ActiveRecord: 0.0ms)


Started GET "/" for 127.0.0.1 at 2017-03-09 08:11:58 +0100
Processing by Rails::WelcomeController#index as HTML
  Parameters: {"internal"=>true}
  Rendering /users/lpro/casir/carlor/.gem/gems/railties-5.0.2/lib/rails/templates/rails/welcome/index.html.erb
  Rendered /users/lpro/casir/carlor/.gem/gems/railties-5.0.2/lib/rails/templates/rails/welcome/index.html.erb (1.7ms)
Completed 200 OK in 3ms (Views: 2.4ms | ActiveRecord: 0.0ms)


Started GET "/" for 127.0.0.1 at 2017-03-09 08:11:58 +0100
Processing by Rails::WelcomeController#index as HTML
  Parameters: {"internal"=>true}
  Rendering /users/lpro/casir/carlor/.gem/gems/railties-5.0.2/lib/rails/templates/rails/welcome/index.html.erb
  Rendered /users/lpro/casir/carlor/.gem/gems/railties-5.0.2/lib/rails/templates/rails/welcome/index.html.erb (1.8ms)
Completed 200 OK in 3ms (Views: 2.6ms | ActiveRecord: 0.0ms)


Started GET "/user" for 127.0.0.1 at 2017-03-09 08:37:13 +0100
  
ActionController::RoutingError (No route matches [GET] "/user"):
  
actionpack (5.0.2) lib/action_dispatch/middleware/debug_exceptions.rb:53:in `call'
web-console (3.4.0) lib/web_console/middleware.rb:135:in `call_app'
web-console (3.4.0) lib/web_console/middleware.rb:28:in `block in call'
web-console (3.4.0) lib/web_console/middleware.rb:18:in `catch'
web-console (3.4.0) lib/web_console/middleware.rb:18:in `call'
actionpack (5.0.2) lib/action_dispatch/middleware/show_exceptions.rb:31:in `call'
railties (5.0.2) lib/rails/rack/logger.rb:36:in `call_app'
railties (5.0.2) lib/rails/rack/logger.rb:24:in `block in call'
activesupport (5.0.2) lib/active_support/tagged_logging.rb:69:in `block in tagged'
activesupport (5.0.2) lib/active_support/tagged_logging.rb:26:in `tagged'
activesupport (5.0.2) lib/active_support/tagged_logging.rb:69:in `tagged'
railties (5.0.2) lib/rails/rack/logger.rb:24:in `call'
sprockets-rails (3.2.0) lib/sprockets/rails/quiet_assets.rb:13:in `call'
actionpack (5.0.2) lib/action_dispatch/middleware/request_id.rb:24:in `call'
rack (2.0.1) lib/rack/method_override.rb:22:in `call'
rack (2.0.1) lib/rack/runtime.rb:22:in `call'
activesupport (5.0.2) lib/active_support/cache/strategy/local_cache_middleware.rb:28:in `call'
actionpack (5.0.2) lib/action_dispatch/middleware/executor.rb:12:in `call'
actionpack (5.0.2) lib/action_dispatch/middleware/static.rb:136:in `call'
rack (2.0.1) lib/rack/sendfile.rb:111:in `call'
railties (5.0.2) lib/rails/engine.rb:522:in `call'
puma (3.7.1) lib/puma/configuration.rb:232:in `call'
puma (3.7.1) lib/puma/server.rb:578:in `handle_request'
puma (3.7.1) lib/puma/server.rb:415:in `process_client'
puma (3.7.1) lib/puma/server.rb:275:in `block in run'
puma (3.7.1) lib/puma/thread_pool.rb:120:in `block in spawn_thread'
  Rendering /users/lpro/casir/carlor/.gem/gems/actionpack-5.0.2/lib/action_dispatch/middleware/templates/rescues/routing_error.html.erb within rescues/layout
  Rendering /users/lpro/casir/carlor/.gem/gems/actionpack-5.0.2/lib/action_dispatch/middleware/templates/rescues/_trace.html.erb
  Rendered /users/lpro/casir/carlor/.gem/gems/actionpack-5.0.2/lib/action_dispatch/middleware/templates/rescues/_trace.html.erb (0.8ms)
  Rendered /users/lpro/casir/carlor/.gem/gems/actionpack-5.0.2/lib/action_dispatch/middleware/templates/routes/_table.html.erb (80.5ms)
  Rendering /users/lpro/casir/carlor/.gem/gems/actionpack-5.0.2/lib/action_dispatch/middleware/templates/rescues/_request_and_response.html.erb
  Rendered /users/lpro/casir/carlor/.gem/gems/actionpack-5.0.2/lib/action_dispatch/middleware/templates/rescues/_request_and_response.html.erb (6.6ms)
  Rendered /users/lpro/casir/carlor/.gem/gems/actionpack-5.0.2/lib/action_dispatch/middleware/templates/rescues/routing_error.html.erb within rescues/layout (477.8ms)
Started GET "/users/" for 127.0.0.1 at 2017-03-09 08:37:24 +0100
  
ActionController::RoutingError (No route matches [GET] "/users"):
  
actionpack (5.0.2) lib/action_dispatch/middleware/debug_exceptions.rb:53:in `call'
web-console (3.4.0) lib/web_console/middleware.rb:135:in `call_app'
web-console (3.4.0) lib/web_console/middleware.rb:28:in `block in call'
web-console (3.4.0) lib/web_console/middleware.rb:18:in `catch'
web-console (3.4.0) lib/web_console/middleware.rb:18:in `call'
actionpack (5.0.2) lib/action_dispatch/middleware/show_exceptions.rb:31:in `call'
railties (5.0.2) lib/rails/rack/logger.rb:36:in `call_app'
railties (5.0.2) lib/rails/rack/logger.rb:24:in `block in call'
activesupport (5.0.2) lib/active_support/tagged_logging.rb:69:in `block in tagged'
activesupport (5.0.2) lib/active_support/tagged_logging.rb:26:in `tagged'
activesupport (5.0.2) lib/active_support/tagged_logging.rb:69:in `tagged'
railties (5.0.2) lib/rails/rack/logger.rb:24:in `call'
sprockets-rails (3.2.0) lib/sprockets/rails/quiet_assets.rb:13:in `call'
actionpack (5.0.2) lib/action_dispatch/middleware/request_id.rb:24:in `call'
rack (2.0.1) lib/rack/method_override.rb:22:in `call'
rack (2.0.1) lib/rack/runtime.rb:22:in `call'
activesupport (5.0.2) lib/active_support/cache/strategy/local_cache_middleware.rb:28:in `call'
actionpack (5.0.2) lib/action_dispatch/middleware/executor.rb:12:in `call'
actionpack (5.0.2) lib/action_dispatch/middleware/static.rb:136:in `call'
rack (2.0.1) lib/rack/sendfile.rb:111:in `call'
railties (5.0.2) lib/rails/engine.rb:522:in `call'
puma (3.7.1) lib/puma/configuration.rb:232:in `call'
puma (3.7.1) lib/puma/server.rb:578:in `handle_request'
puma (3.7.1) lib/puma/server.rb:415:in `process_client'
puma (3.7.1) lib/puma/server.rb:275:in `block in run'
puma (3.7.1) lib/puma/thread_pool.rb:120:in `block in spawn_thread'
  Rendering /users/lpro/casir/carlor/.gem/gems/actionpack-5.0.2/lib/action_dispatch/middleware/templates/rescues/routing_error.html.erb within rescues/layout
  Rendering /users/lpro/casir/carlor/.gem/gems/actionpack-5.0.2/lib/action_dispatch/middleware/templates/rescues/_trace.html.erb
  Rendered /users/lpro/casir/carlor/.gem/gems/actionpack-5.0.2/lib/action_dispatch/middleware/templates/rescues/_trace.html.erb (0.7ms)
  Rendered /users/lpro/casir/carlor/.gem/gems/actionpack-5.0.2/lib/action_dispatch/middleware/templates/routes/_table.html.erb (0.7ms)
  Rendering /users/lpro/casir/carlor/.gem/gems/actionpack-5.0.2/lib/action_dispatch/middleware/templates/rescues/_request_and_response.html.erb
  Rendered /users/lpro/casir/carlor/.gem/gems/actionpack-5.0.2/lib/action_dispatch/middleware/templates/rescues/_request_and_response.html.erb (0.5ms)
  Rendered /users/lpro/casir/carlor/.gem/gems/actionpack-5.0.2/lib/action_dispatch/middleware/templates/rescues/routing_error.html.erb within rescues/layout (14.3ms)
Started GET "/users/" for 127.0.0.1 at 2017-03-09 08:46:01 +0100
  
ActiveRecord::PendingMigrationError (

Migrations are pending. To resolve this issue, run:

        bin/rails db:migrate RAILS_ENV=development

):
  
activerecord (5.0.2) lib/active_record/migration.rb:573:in `check_pending!'
activerecord (5.0.2) lib/active_record/migration.rb:549:in `call'
actionpack (5.0.2) lib/action_dispatch/middleware/callbacks.rb:38:in `block in call'
activesupport (5.0.2) lib/active_support/callbacks.rb:97:in `__run_callbacks__'
activesupport (5.0.2) lib/active_support/callbacks.rb:750:in `_run_call_callbacks'
activesupport (5.0.2) lib/active_support/callbacks.rb:90:in `run_callbacks'
actionpack (5.0.2) lib/action_dispatch/middleware/callbacks.rb:36:in `call'
actionpack (5.0.2) lib/action_dispatch/middleware/executor.rb:12:in `call'
actionpack (5.0.2) lib/action_dispatch/middleware/remote_ip.rb:79:in `call'
actionpack (5.0.2) lib/action_dispatch/middleware/debug_exceptions.rb:49:in `call'
web-console (3.4.0) lib/web_console/middleware.rb:135:in `call_app'
web-console (3.4.0) lib/web_console/middleware.rb:28:in `block in call'
web-console (3.4.0) lib/web_console/middleware.rb:18:in `catch'
web-console (3.4.0) lib/web_console/middleware.rb:18:in `call'
actionpack (5.0.2) lib/action_dispatch/middleware/show_exceptions.rb:31:in `call'
railties (5.0.2) lib/rails/rack/logger.rb:36:in `call_app'
railties (5.0.2) lib/rails/rack/logger.rb:24:in `block in call'
activesupport (5.0.2) lib/active_support/tagged_logging.rb:69:in `block in tagged'
activesupport (5.0.2) lib/active_support/tagged_logging.rb:26:in `tagged'
activesupport (5.0.2) lib/active_support/tagged_logging.rb:69:in `tagged'
railties (5.0.2) lib/rails/rack/logger.rb:24:in `call'
sprockets-rails (3.2.0) lib/sprockets/rails/quiet_assets.rb:13:in `call'
actionpack (5.0.2) lib/action_dispatch/middleware/request_id.rb:24:in `call'
rack (2.0.1) lib/rack/method_override.rb:22:in `call'
rack (2.0.1) lib/rack/runtime.rb:22:in `call'
activesupport (5.0.2) lib/active_support/cache/strategy/local_cache_middleware.rb:28:in `call'
actionpack (5.0.2) lib/action_dispatch/middleware/executor.rb:12:in `call'
actionpack (5.0.2) lib/action_dispatch/middleware/static.rb:136:in `call'
rack (2.0.1) lib/rack/sendfile.rb:111:in `call'
railties (5.0.2) lib/rails/engine.rb:522:in `call'
puma (3.7.1) lib/puma/configuration.rb:232:in `call'
puma (3.7.1) lib/puma/server.rb:578:in `handle_request'
puma (3.7.1) lib/puma/server.rb:415:in `process_client'
puma (3.7.1) lib/puma/server.rb:275:in `block in run'
puma (3.7.1) lib/puma/thread_pool.rb:120:in `block in spawn_thread'
  Rendering /users/lpro/casir/carlor/.gem/gems/actionpack-5.0.2/lib/action_dispatch/middleware/templates/rescues/diagnostics.html.erb within rescues/layout
  Rendering /users/lpro/casir/carlor/.gem/gems/actionpack-5.0.2/lib/action_dispatch/middleware/templates/rescues/_source.html.erb
  Rendered /users/lpro/casir/carlor/.gem/gems/actionpack-5.0.2/lib/action_dispatch/middleware/templates/rescues/_source.html.erb (1.2ms)
  Rendering /users/lpro/casir/carlor/.gem/gems/actionpack-5.0.2/lib/action_dispatch/middleware/templates/rescues/_trace.html.erb
  Rendered /users/lpro/casir/carlor/.gem/gems/actionpack-5.0.2/lib/action_dispatch/middleware/templates/rescues/_trace.html.erb (0.8ms)
  Rendering /users/lpro/casir/carlor/.gem/gems/actionpack-5.0.2/lib/action_dispatch/middleware/templates/rescues/_request_and_response.html.erb
  Rendered /users/lpro/casir/carlor/.gem/gems/actionpack-5.0.2/lib/action_dispatch/middleware/templates/rescues/_request_and_response.html.erb (0.5ms)
  Rendered /users/lpro/casir/carlor/.gem/gems/actionpack-5.0.2/lib/action_dispatch/middleware/templates/rescues/diagnostics.html.erb within rescues/layout (145.2ms)
  [1m[35m (6.6ms)[0m  [1m[35mCREATE TABLE "schema_migrations" ("version" varchar NOT NULL PRIMARY KEY)[0m
  [1m[35m (5.9ms)[0m  [1m[35mCREATE TABLE "ar_internal_metadata" ("key" varchar NOT NULL PRIMARY KEY, "value" varchar, "created_at" datetime NOT NULL, "updated_at" datetime NOT NULL)[0m
  [1m[36mActiveRecord::SchemaMigration Load (1.6ms)[0m  [1m[34mSELECT "schema_migrations".* FROM "schema_migrations"[0m
Migrating to CreateUsers (20170309074354)
  [1m[35m (0.0ms)[0m  [1m[36mbegin transaction[0m
  [1m[35m (2.0ms)[0m  [1m[35mCREATE TABLE "users" ("id" INTEGER PRIMARY KEY AUTOINCREMENT NOT NULL, "Username" varchar, "img_url" varchar, "created_at" datetime NOT NULL, "updated_at" datetime NOT NULL)[0m
  [1m[35mSQL (0.1ms)[0m  [1m[32mINSERT INTO "schema_migrations" ("version") VALUES (?)[0m  [["version", "20170309074354"]]
  [1m[35m (3.7ms)[0m  [1m[36mcommit transaction[0m
  [1m[36mActiveRecord::InternalMetadata Load (1.6ms)[0m  [1m[34mSELECT  "ar_internal_metadata".* FROM "ar_internal_metadata" WHERE "ar_internal_metadata"."key" = ? LIMIT ?[0m  [["key", :environment], ["LIMIT", 1]]
  [1m[35m (0.0ms)[0m  [1m[36mbegin transaction[0m
  [1m[35mSQL (1.9ms)[0m  [1m[32mINSERT INTO "ar_internal_metadata" ("key", "value", "created_at", "updated_at") VALUES (?, ?, ?, ?)[0m  [["key", "environment"], ["value", "development"], ["created_at", 2017-03-09 07:48:31 UTC], ["updated_at", 2017-03-09 07:48:31 UTC]]
  [1m[35m (3.6ms)[0m  [1m[36mcommit transaction[0m
  [1m[36mActiveRecord::SchemaMigration Load (2.8ms)[0m  [1m[34mSELECT "schema_migrations".* FROM "schema_migrations"[0m
Started GET "/users/" for 127.0.0.1 at 2017-03-09 08:49:42 +0100
  [1m[36mActiveRecord::SchemaMigration Load (2.1ms)[0m  [1m[34mSELECT "schema_migrations".* FROM "schema_migrations"[0m
Processing by UsersController#index as HTML
  Rendering users/index.html.erb within layouts/application
  [1m[36mUser Load (1.8ms)[0m  [1m[34mSELECT "users".* FROM "users"[0m
  Rendered users/index.html.erb within layouts/application (11.1ms)
Completed 200 OK in 2304ms (Views: 2271.0ms | ActiveRecord: 5.9ms)


Started GET "/users/new" for 127.0.0.1 at 2017-03-09 08:49:47 +0100
Processing by UsersController#new as HTML
  Rendering users/new.html.erb within layouts/application
  Rendered users/_form.html.erb (115.1ms)
  Rendered users/new.html.erb within layouts/application (125.7ms)
Completed 200 OK in 700ms (Views: 667.9ms | ActiveRecord: 18.4ms)


Started GET "/users" for 127.0.0.1 at 2017-03-09 08:49:52 +0100
Processing by UsersController#index as HTML
  Rendering users/index.html.erb within layouts/application
  [1m[36mUser Load (6.6ms)[0m  [1m[34mSELECT "users".* FROM "users"[0m
  Rendered users/index.html.erb within layouts/application (7.6ms)
Completed 200 OK in 53ms (Views: 44.9ms | ActiveRecord: 6.6ms)


Started GET "/users/new" for 127.0.0.1 at 2017-03-09 08:49:58 +0100
Processing by UsersController#new as HTML
  Rendering users/new.html.erb within layouts/application
  Rendered users/_form.html.erb (1.3ms)
  Rendered users/new.html.erb within layouts/application (2.5ms)
Completed 200 OK in 41ms (Views: 39.6ms | ActiveRecord: 0.0ms)


Started POST "/users" for 127.0.0.1 at 2017-03-09 08:50:42 +0100
Processing by UsersController#create as HTML
  Parameters: {"utf8"=>"", "authenticity_token"=>"cmPApQw+NDpz/iN71c5jPj+BibXaMZHdUp56KphWEahexrU/OWbzd4BgbC2gt7UM2KlR1NfbHNg2R7cDmnjN9A==", "user"=>{"Username"=>"Nicolas les singes", "img_url"=>"http://data.whicdn.com/images/25103052/original.png"}, "commit"=>"Create User"}
  [1m[35m (1.7ms)[0m  [1m[36mbegin transaction[0m
  [1m[35mSQL (2.4ms)[0m  [1m[32mINSERT INTO "users" ("Username", "img_url", "created_at", "updated_at") VALUES (?, ?, ?, ?)[0m  [["Username", "Nicolas les singes"], ["img_url", "http://data.whicdn.com/images/25103052/original.png"], ["created_at", 2017-03-09 07:50:42 UTC], ["updated_at", 2017-03-09 07:50:42 UTC]]
  [1m[35m (4.2ms)[0m  [1m[36mcommit transaction[0m
Redirected to http://localhost:3000/users/1
Completed 302 Found in 12ms (ActiveRecord: 8.3ms)


Started GET "/users/1" for 127.0.0.1 at 2017-03-09 08:50:42 +0100
Processing by UsersController#show as HTML
  Parameters: {"id"=>"1"}
  [1m[36mUser Load (3.4ms)[0m  [1m[34mSELECT  "users".* FROM "users" WHERE "users"."id" = ? LIMIT ?[0m  [["id", 1], ["LIMIT", 1]]
  Rendering users/show.html.erb within layouts/application
  Rendered users/show.html.erb within layouts/application (0.5ms)
Completed 200 OK in 1286ms (Views: 1245.3ms | ActiveRecord: 3.4ms)


Started GET "/users" for 127.0.0.1 at 2017-03-09 08:50:49 +0100
Processing by UsersController#index as HTML
  Rendering users/index.html.erb within layouts/application
  [1m[36mUser Load (2.3ms)[0m  [1m[34mSELECT "users".* FROM "users"[0m
  Rendered users/index.html.erb within layouts/application (3.4ms)
Completed 200 OK in 541ms (Views: 538.0ms | ActiveRecord: 2.3ms)


Started GET "/users/new" for 127.0.0.1 at 2017-03-09 08:50:51 +0100
Processing by UsersController#new as HTML
  Rendering users/new.html.erb within layouts/application
  Rendered users/_form.html.erb (1.4ms)
  Rendered users/new.html.erb within layouts/application (2.2ms)
Completed 200 OK in 47ms (Views: 46.0ms | ActiveRecord: 0.0ms)


Started POST "/users" for 127.0.0.1 at 2017-03-09 08:52:06 +0100
Processing by UsersController#create as HTML
  Parameters: {"utf8"=>"", "authenticity_token"=>"szZqWd1dvAXWp5ycACWuIAGpyOpMBzkUywQtodajwkWfkx/D6AV7SCU508p1XHgS5oEQi0HttBGv3eCI1I0eGQ==", "user"=>{"Username"=>"Romain le bonobo", "img_url"=>"https://s-media-cache-ak0.pinimg.com/736x/b4/3b/f9/b43bf976074778de7909872f3a22f771.jpg"}, "commit"=>"Create User"}
  [1m[35m (4.6ms)[0m  [1m[36mbegin transaction[0m
  [1m[35mSQL (2.5ms)[0m  [1m[32mINSERT INTO "users" ("Username", "img_url", "created_at", "updated_at") VALUES (?, ?, ?, ?)[0m  [["Username", "Romain le bonobo"], ["img_url", "https://s-media-cache-ak0.pinimg.com/736x/b4/3b/f9/b43bf976074778de7909872f3a22f771.jpg"], ["created_at", 2017-03-09 07:52:06 UTC], ["updated_at", 2017-03-09 07:52:06 UTC]]
  [1m[35m (8.5ms)[0m  [1m[36mcommit transaction[0m
Redirected to http://localhost:3000/users/2
Completed 302 Found in 19ms (ActiveRecord: 15.5ms)


Started GET "/users/2" for 127.0.0.1 at 2017-03-09 08:52:06 +0100
Processing by UsersController#show as HTML
  Parameters: {"id"=>"2"}
  [1m[36mUser Load (2.1ms)[0m  [1m[34mSELECT  "users".* FROM "users" WHERE "users"."id" = ? LIMIT ?[0m  [["id", 2], ["LIMIT", 1]]
  Rendering users/show.html.erb within layouts/application
  Rendered users/show.html.erb within layouts/application (0.5ms)
Completed 200 OK in 1252ms (Views: 1246.9ms | ActiveRecord: 2.1ms)


Started GET "/users" for 127.0.0.1 at 2017-03-09 08:52:10 +0100
Processing by UsersController#index as HTML
  Rendering users/index.html.erb within layouts/application
  [1m[36mUser Load (1.7ms)[0m  [1m[34mSELECT "users".* FROM "users"[0m
  Rendered users/index.html.erb within layouts/application (2.8ms)
Completed 200 OK in 37ms (Views: 33.7ms | ActiveRecord: 1.7ms)


Started GET "/users/1" for 127.0.0.1 at 2017-03-09 08:52:14 +0100
Processing by UsersController#show as HTML
  Parameters: {"id"=>"1"}
  [1m[36mUser Load (1.9ms)[0m  [1m[34mSELECT  "users".* FROM "users" WHERE "users"."id" = ? LIMIT ?[0m  [["id", 1], ["LIMIT", 1]]
  Rendering users/show.html.erb within layouts/application
  Rendered users/show.html.erb within layouts/application (0.5ms)
Completed 200 OK in 44ms (Views: 41.0ms | ActiveRecord: 1.9ms)


Started GET "/users" for 127.0.0.1 at 2017-03-09 08:52:16 +0100
Processing by UsersController#index as HTML
  Rendering users/index.html.erb within layouts/application
  [1m[36mUser Load (2.5ms)[0m  [1m[34mSELECT "users".* FROM "users"[0m
  Rendered users/index.html.erb within layouts/application (3.8ms)
Completed 200 OK in 1241ms (Views: 1237.3ms | ActiveRecord: 2.5ms)


